<?xml version="1.0" encoding="UTF-8"?>
<testsuite xmlns:xsi="http://www.w3.org/2001/XMLSchema-instance" xsi:noNamespaceSchemaLocation="https://maven.apache.org/surefire/maven-surefire-plugin/xsd/surefire-test-report.xsd" version="3.0.1" name="org.algomonster.algorithms.sort.BubbleSortTest" time="0.027" tests="8" errors="0" skipped="0" failures="0">
  <properties>
    <property name="java.specification.version" value="21"/>
    <property name="sun.jnu.encoding" value="UTF-8"/>
    <property name="java.class.path" value="/home/runner/work/AlgorithmPractice/AlgorithmPractice/core/target/test-classes:/home/runner/work/AlgorithmPractice/AlgorithmPractice/core/target/classes:/home/runner/.m2/repository/org/junit/jupiter/junit-jupiter-engine/5.10.3/junit-jupiter-engine-5.10.3.jar:/home/runner/.m2/repository/org/junit/platform/junit-platform-engine/1.10.3/junit-platform-engine-1.10.3.jar:/home/runner/.m2/repository/org/opentest4j/opentest4j/1.3.0/opentest4j-1.3.0.jar:/home/runner/.m2/repository/org/junit/platform/junit-platform-commons/1.10.3/junit-platform-commons-1.10.3.jar:/home/runner/.m2/repository/org/junit/jupiter/junit-jupiter-api/5.10.3/junit-jupiter-api-5.10.3.jar:/home/runner/.m2/repository/org/apiguardian/apiguardian-api/1.1.2/apiguardian-api-1.1.2.jar:/home/runner/.m2/repository/org/apache/commons/commons-lang3/3.14.0/commons-lang3-3.14.0.jar:/home/runner/.m2/repository/com/fasterxml/jackson/core/jackson-databind/2.17.2/jackson-databind-2.17.2.jar:/home/runner/.m2/repository/com/fasterxml/jackson/core/jackson-annotations/2.17.2/jackson-annotations-2.17.2.jar:/home/runner/.m2/repository/com/fasterxml/jackson/core/jackson-core/2.17.2/jackson-core-2.17.2.jar:/home/runner/.m2/repository/software/amazon/awssdk/s3/2.26.8/s3-2.26.8.jar:/home/runner/.m2/repository/software/amazon/awssdk/aws-xml-protocol/2.26.8/aws-xml-protocol-2.26.8.jar:/home/runner/.m2/repository/software/amazon/awssdk/aws-query-protocol/2.26.8/aws-query-protocol-2.26.8.jar:/home/runner/.m2/repository/software/amazon/awssdk/protocol-core/2.26.8/protocol-core-2.26.8.jar:/home/runner/.m2/repository/software/amazon/awssdk/arns/2.26.8/arns-2.26.8.jar:/home/runner/.m2/repository/software/amazon/awssdk/profiles/2.26.8/profiles-2.26.8.jar:/home/runner/.m2/repository/software/amazon/awssdk/crt-core/2.26.8/crt-core-2.26.8.jar:/home/runner/.m2/repository/software/amazon/awssdk/http-auth/2.26.8/http-auth-2.26.8.jar:/home/runner/.m2/repository/software/amazon/awssdk/identity-spi/2.26.8/identity-spi-2.26.8.jar:/home/runner/.m2/repository/software/amazon/awssdk/http-auth-spi/2.26.8/http-auth-spi-2.26.8.jar:/home/runner/.m2/repository/org/reactivestreams/reactive-streams/1.0.4/reactive-streams-1.0.4.jar:/home/runner/.m2/repository/software/amazon/awssdk/http-auth-aws/2.26.8/http-auth-aws-2.26.8.jar:/home/runner/.m2/repository/software/amazon/awssdk/checksums/2.26.8/checksums-2.26.8.jar:/home/runner/.m2/repository/software/amazon/awssdk/checksums-spi/2.26.8/checksums-spi-2.26.8.jar:/home/runner/.m2/repository/software/amazon/awssdk/retries-spi/2.26.8/retries-spi-2.26.8.jar:/home/runner/.m2/repository/software/amazon/awssdk/sdk-core/2.26.8/sdk-core-2.26.8.jar:/home/runner/.m2/repository/software/amazon/awssdk/retries/2.26.8/retries-2.26.8.jar:/home/runner/.m2/repository/org/slf4j/slf4j-api/1.7.30/slf4j-api-1.7.30.jar:/home/runner/.m2/repository/software/amazon/awssdk/auth/2.26.8/auth-2.26.8.jar:/home/runner/.m2/repository/software/amazon/eventstream/eventstream/1.0.1/eventstream-1.0.1.jar:/home/runner/.m2/repository/software/amazon/awssdk/http-client-spi/2.26.8/http-client-spi-2.26.8.jar:/home/runner/.m2/repository/software/amazon/awssdk/regions/2.26.8/regions-2.26.8.jar:/home/runner/.m2/repository/software/amazon/awssdk/annotations/2.26.8/annotations-2.26.8.jar:/home/runner/.m2/repository/software/amazon/awssdk/utils/2.26.8/utils-2.26.8.jar:/home/runner/.m2/repository/software/amazon/awssdk/aws-core/2.26.8/aws-core-2.26.8.jar:/home/runner/.m2/repository/software/amazon/awssdk/metrics-spi/2.26.8/metrics-spi-2.26.8.jar:/home/runner/.m2/repository/software/amazon/awssdk/json-utils/2.26.8/json-utils-2.26.8.jar:/home/runner/.m2/repository/software/amazon/awssdk/third-party-jackson-core/2.26.8/third-party-jackson-core-2.26.8.jar:/home/runner/.m2/repository/software/amazon/awssdk/endpoints-spi/2.26.8/endpoints-spi-2.26.8.jar:/home/runner/.m2/repository/software/amazon/awssdk/apache-client/2.26.8/apache-client-2.26.8.jar:/home/runner/.m2/repository/org/apache/httpcomponents/httpclient/4.5.13/httpclient-4.5.13.jar:/home/runner/.m2/repository/commons-logging/commons-logging/1.2/commons-logging-1.2.jar:/home/runner/.m2/repository/org/apache/httpcomponents/httpcore/4.4.13/httpcore-4.4.13.jar:/home/runner/.m2/repository/commons-codec/commons-codec/1.15/commons-codec-1.15.jar:/home/runner/.m2/repository/software/amazon/awssdk/netty-nio-client/2.26.8/netty-nio-client-2.26.8.jar:/home/runner/.m2/repository/io/netty/netty-codec-http/4.1.108.Final/netty-codec-http-4.1.108.Final.jar:/home/runner/.m2/repository/io/netty/netty-codec-http2/4.1.108.Final/netty-codec-http2-4.1.108.Final.jar:/home/runner/.m2/repository/io/netty/netty-codec/4.1.108.Final/netty-codec-4.1.108.Final.jar:/home/runner/.m2/repository/io/netty/netty-transport/4.1.108.Final/netty-transport-4.1.108.Final.jar:/home/runner/.m2/repository/io/netty/netty-common/4.1.108.Final/netty-common-4.1.108.Final.jar:/home/runner/.m2/repository/io/netty/netty-buffer/4.1.108.Final/netty-buffer-4.1.108.Final.jar:/home/runner/.m2/repository/io/netty/netty-handler/4.1.108.Final/netty-handler-4.1.108.Final.jar:/home/runner/.m2/repository/io/netty/netty-transport-native-unix-common/4.1.108.Final/netty-transport-native-unix-common-4.1.108.Final.jar:/home/runner/.m2/repository/io/netty/netty-transport-classes-epoll/4.1.108.Final/netty-transport-classes-epoll-4.1.108.Final.jar:/home/runner/.m2/repository/io/netty/netty-resolver/4.1.108.Final/netty-resolver-4.1.108.Final.jar:"/>
    <property name="java.vm.vendor" value="Microsoft"/>
    <property name="sun.arch.data.model" value="64"/>
    <property name="java.vendor.url" value="https://www.microsoft.com"/>
    <property name="user.timezone" value="Etc/UTC"/>
    <property name="os.name" value="Linux"/>
    <property name="java.vm.specification.version" value="21"/>
    <property name="sun.java.launcher" value="SUN_STANDARD"/>
    <property name="sun.boot.library.path" value="/opt/hostedtoolcache/Java_Microsoft_jdk/21.0.2/x64/lib"/>
    <property name="sun.java.command" value="/home/runner/work/AlgorithmPractice/AlgorithmPractice/core/target/surefire/surefirebooter-20250818014924042_3.jar /home/runner/work/AlgorithmPractice/AlgorithmPractice/core/target/surefire 2025-08-18T01-49-23_978-jvmRun1 surefire-20250818014924042_1tmp surefire_0-20250818014924042_2tmp"/>
    <property name="jdk.debug" value="release"/>
    <property name="surefire.test.class.path" value="/home/runner/work/AlgorithmPractice/AlgorithmPractice/core/target/test-classes:/home/runner/work/AlgorithmPractice/AlgorithmPractice/core/target/classes:/home/runner/.m2/repository/org/junit/jupiter/junit-jupiter-engine/5.10.3/junit-jupiter-engine-5.10.3.jar:/home/runner/.m2/repository/org/junit/platform/junit-platform-engine/1.10.3/junit-platform-engine-1.10.3.jar:/home/runner/.m2/repository/org/opentest4j/opentest4j/1.3.0/opentest4j-1.3.0.jar:/home/runner/.m2/repository/org/junit/platform/junit-platform-commons/1.10.3/junit-platform-commons-1.10.3.jar:/home/runner/.m2/repository/org/junit/jupiter/junit-jupiter-api/5.10.3/junit-jupiter-api-5.10.3.jar:/home/runner/.m2/repository/org/apiguardian/apiguardian-api/1.1.2/apiguardian-api-1.1.2.jar:/home/runner/.m2/repository/org/apache/commons/commons-lang3/3.14.0/commons-lang3-3.14.0.jar:/home/runner/.m2/repository/com/fasterxml/jackson/core/jackson-databind/2.17.2/jackson-databind-2.17.2.jar:/home/runner/.m2/repository/com/fasterxml/jackson/core/jackson-annotations/2.17.2/jackson-annotations-2.17.2.jar:/home/runner/.m2/repository/com/fasterxml/jackson/core/jackson-core/2.17.2/jackson-core-2.17.2.jar:/home/runner/.m2/repository/software/amazon/awssdk/s3/2.26.8/s3-2.26.8.jar:/home/runner/.m2/repository/software/amazon/awssdk/aws-xml-protocol/2.26.8/aws-xml-protocol-2.26.8.jar:/home/runner/.m2/repository/software/amazon/awssdk/aws-query-protocol/2.26.8/aws-query-protocol-2.26.8.jar:/home/runner/.m2/repository/software/amazon/awssdk/protocol-core/2.26.8/protocol-core-2.26.8.jar:/home/runner/.m2/repository/software/amazon/awssdk/arns/2.26.8/arns-2.26.8.jar:/home/runner/.m2/repository/software/amazon/awssdk/profiles/2.26.8/profiles-2.26.8.jar:/home/runner/.m2/repository/software/amazon/awssdk/crt-core/2.26.8/crt-core-2.26.8.jar:/home/runner/.m2/repository/software/amazon/awssdk/http-auth/2.26.8/http-auth-2.26.8.jar:/home/runner/.m2/repository/software/amazon/awssdk/identity-spi/2.26.8/identity-spi-2.26.8.jar:/home/runner/.m2/repository/software/amazon/awssdk/http-auth-spi/2.26.8/http-auth-spi-2.26.8.jar:/home/runner/.m2/repository/org/reactivestreams/reactive-streams/1.0.4/reactive-streams-1.0.4.jar:/home/runner/.m2/repository/software/amazon/awssdk/http-auth-aws/2.26.8/http-auth-aws-2.26.8.jar:/home/runner/.m2/repository/software/amazon/awssdk/checksums/2.26.8/checksums-2.26.8.jar:/home/runner/.m2/repository/software/amazon/awssdk/checksums-spi/2.26.8/checksums-spi-2.26.8.jar:/home/runner/.m2/repository/software/amazon/awssdk/retries-spi/2.26.8/retries-spi-2.26.8.jar:/home/runner/.m2/repository/software/amazon/awssdk/sdk-core/2.26.8/sdk-core-2.26.8.jar:/home/runner/.m2/repository/software/amazon/awssdk/retries/2.26.8/retries-2.26.8.jar:/home/runner/.m2/repository/org/slf4j/slf4j-api/1.7.30/slf4j-api-1.7.30.jar:/home/runner/.m2/repository/software/amazon/awssdk/auth/2.26.8/auth-2.26.8.jar:/home/runner/.m2/repository/software/amazon/eventstream/eventstream/1.0.1/eventstream-1.0.1.jar:/home/runner/.m2/repository/software/amazon/awssdk/http-client-spi/2.26.8/http-client-spi-2.26.8.jar:/home/runner/.m2/repository/software/amazon/awssdk/regions/2.26.8/regions-2.26.8.jar:/home/runner/.m2/repository/software/amazon/awssdk/annotations/2.26.8/annotations-2.26.8.jar:/home/runner/.m2/repository/software/amazon/awssdk/utils/2.26.8/utils-2.26.8.jar:/home/runner/.m2/repository/software/amazon/awssdk/aws-core/2.26.8/aws-core-2.26.8.jar:/home/runner/.m2/repository/software/amazon/awssdk/metrics-spi/2.26.8/metrics-spi-2.26.8.jar:/home/runner/.m2/repository/software/amazon/awssdk/json-utils/2.26.8/json-utils-2.26.8.jar:/home/runner/.m2/repository/software/amazon/awssdk/third-party-jackson-core/2.26.8/third-party-jackson-core-2.26.8.jar:/home/runner/.m2/repository/software/amazon/awssdk/endpoints-spi/2.26.8/endpoints-spi-2.26.8.jar:/home/runner/.m2/repository/software/amazon/awssdk/apache-client/2.26.8/apache-client-2.26.8.jar:/home/runner/.m2/repository/org/apache/httpcomponents/httpclient/4.5.13/httpclient-4.5.13.jar:/home/runner/.m2/repository/commons-logging/commons-logging/1.2/commons-logging-1.2.jar:/home/runner/.m2/repository/org/apache/httpcomponents/httpcore/4.4.13/httpcore-4.4.13.jar:/home/runner/.m2/repository/commons-codec/commons-codec/1.15/commons-codec-1.15.jar:/home/runner/.m2/repository/software/amazon/awssdk/netty-nio-client/2.26.8/netty-nio-client-2.26.8.jar:/home/runner/.m2/repository/io/netty/netty-codec-http/4.1.108.Final/netty-codec-http-4.1.108.Final.jar:/home/runner/.m2/repository/io/netty/netty-codec-http2/4.1.108.Final/netty-codec-http2-4.1.108.Final.jar:/home/runner/.m2/repository/io/netty/netty-codec/4.1.108.Final/netty-codec-4.1.108.Final.jar:/home/runner/.m2/repository/io/netty/netty-transport/4.1.108.Final/netty-transport-4.1.108.Final.jar:/home/runner/.m2/repository/io/netty/netty-common/4.1.108.Final/netty-common-4.1.108.Final.jar:/home/runner/.m2/repository/io/netty/netty-buffer/4.1.108.Final/netty-buffer-4.1.108.Final.jar:/home/runner/.m2/repository/io/netty/netty-handler/4.1.108.Final/netty-handler-4.1.108.Final.jar:/home/runner/.m2/repository/io/netty/netty-transport-native-unix-common/4.1.108.Final/netty-transport-native-unix-common-4.1.108.Final.jar:/home/runner/.m2/repository/io/netty/netty-transport-classes-epoll/4.1.108.Final/netty-transport-classes-epoll-4.1.108.Final.jar:/home/runner/.m2/repository/io/netty/netty-resolver/4.1.108.Final/netty-resolver-4.1.108.Final.jar:"/>
    <property name="sun.cpu.endian" value="little"/>
    <property name="user.home" value="/home/runner"/>
    <property name="user.language" value="en"/>
    <property name="java.specification.vendor" value="Oracle Corporation"/>
    <property name="java.version.date" value="2024-01-16"/>
    <property name="java.home" value="/opt/hostedtoolcache/Java_Microsoft_jdk/21.0.2/x64"/>
    <property name="file.separator" value="/"/>
    <property name="basedir" value="/home/runner/work/AlgorithmPractice/AlgorithmPractice/core"/>
    <property name="java.vm.compressedOopsMode" value="Zero based"/>
    <property name="line.separator" value="&#10;"/>
    <property name="java.specification.name" value="Java Platform API Specification"/>
    <property name="java.vm.specification.vendor" value="Oracle Corporation"/>
    <property name="surefire.real.class.path" value="/home/runner/work/AlgorithmPractice/AlgorithmPractice/core/target/surefire/surefirebooter-20250818014924042_3.jar"/>
    <property name="sun.management.compiler" value="HotSpot 64-Bit Tiered Compilers"/>
    <property name="java.runtime.version" value="21.0.2+13-LTS"/>
    <property name="user.name" value="runner"/>
    <property name="stdout.encoding" value="UTF-8"/>
    <property name="path.separator" value=":"/>
    <property name="os.version" value="6.11.0-1018-azure"/>
    <property name="java.runtime.name" value="OpenJDK Runtime Environment"/>
    <property name="file.encoding" value="UTF-8"/>
    <property name="java.vm.name" value="OpenJDK 64-Bit Server VM"/>
    <property name="java.vendor.version" value="Microsoft-8905927"/>
    <property name="localRepository" value="/home/runner/.m2/repository"/>
    <property name="java.vendor.url.bug" value="https://github.com/microsoft/openjdk/issues"/>
    <property name="java.io.tmpdir" value="/tmp"/>
    <property name="java.version" value="21.0.2"/>
    <property name="user.dir" value="/home/runner/work/AlgorithmPractice/AlgorithmPractice/core"/>
    <property name="os.arch" value="amd64"/>
    <property name="java.vm.specification.name" value="Java Virtual Machine Specification"/>
    <property name="native.encoding" value="UTF-8"/>
    <property name="java.library.path" value="/usr/java/packages/lib:/usr/lib64:/lib64:/lib:/usr/lib"/>
    <property name="java.vm.info" value="mixed mode, sharing"/>
    <property name="stderr.encoding" value="UTF-8"/>
    <property name="java.vendor" value="Microsoft"/>
    <property name="java.vm.version" value="21.0.2+13-LTS"/>
    <property name="sun.io.unicode.encoding" value="UnicodeLittle"/>
    <property name="java.class.version" value="65.0"/>
  </properties>
  <testcase name="test3Bubble" classname="org.algomonster.algorithms.sort.BubbleSortTest" time="0.001"/>
  <testcase name="test4Bubble" classname="org.algomonster.algorithms.sort.BubbleSortTest" time="0.001"/>
  <testcase name="testNull" classname="org.algomonster.algorithms.sort.BubbleSortTest" time="0.001"/>
  <testcase name="test5Bubble" classname="org.algomonster.algorithms.sort.BubbleSortTest" time="0.019"/>
  <testcase name="test1Bubble" classname="org.algomonster.algorithms.sort.BubbleSortTest" time="0.001"/>
  <testcase name="testEdgeCases" classname="org.algomonster.algorithms.sort.BubbleSortTest" time="0.0"/>
  <testcase name="test2Bubble" classname="org.algomonster.algorithms.sort.BubbleSortTest" time="0.0"/>
  <testcase name="testConstructor" classname="org.algomonster.algorithms.sort.BubbleSortTest" time="0.0"/>
</testsuite>