<?xml version="1.0" encoding="UTF-8"?>
<testsuite xmlns:xsi="http://www.w3.org/2001/XMLSchema-instance" xsi:noNamespaceSchemaLocation="https://maven.apache.org/surefire/maven-surefire-plugin/xsd/surefire-test-report.xsd" version="3.0.1" name="org.algomonster.spring.controller.BinarySearchControllerTest" time="3.568" tests="2" errors="0" skipped="0" failures="0">
  <properties>
    <property name="java.specification.version" value="21"/>
    <property name="sun.jnu.encoding" value="UTF-8"/>
    <property name="java.class.path" value="/home/runner/work/AlgorithmPractice/AlgorithmPractice/spring-integration/target/test-classes:/home/runner/work/AlgorithmPractice/AlgorithmPractice/spring-integration/target/classes:/home/runner/work/AlgorithmPractice/AlgorithmPractice/core/target/core-1.0-SNAPSHOT.jar:/home/runner/.m2/repository/org/springframework/boot/spring-boot-starter-web/3.3.2/spring-boot-starter-web-3.3.2.jar:/home/runner/.m2/repository/org/springframework/boot/spring-boot-starter/3.3.2/spring-boot-starter-3.3.2.jar:/home/runner/.m2/repository/org/springframework/boot/spring-boot/3.3.2/spring-boot-3.3.2.jar:/home/runner/.m2/repository/org/springframework/boot/spring-boot-autoconfigure/3.3.2/spring-boot-autoconfigure-3.3.2.jar:/home/runner/.m2/repository/org/springframework/boot/spring-boot-starter-logging/3.3.2/spring-boot-starter-logging-3.3.2.jar:/home/runner/.m2/repository/ch/qos/logback/logback-classic/1.5.6/logback-classic-1.5.6.jar:/home/runner/.m2/repository/ch/qos/logback/logback-core/1.5.6/logback-core-1.5.6.jar:/home/runner/.m2/repository/org/apache/logging/log4j/log4j-to-slf4j/2.23.1/log4j-to-slf4j-2.23.1.jar:/home/runner/.m2/repository/org/apache/logging/log4j/log4j-api/2.23.1/log4j-api-2.23.1.jar:/home/runner/.m2/repository/org/slf4j/jul-to-slf4j/2.0.13/jul-to-slf4j-2.0.13.jar:/home/runner/.m2/repository/jakarta/annotation/jakarta.annotation-api/2.1.1/jakarta.annotation-api-2.1.1.jar:/home/runner/.m2/repository/org/yaml/snakeyaml/2.2/snakeyaml-2.2.jar:/home/runner/.m2/repository/org/springframework/boot/spring-boot-starter-json/3.3.2/spring-boot-starter-json-3.3.2.jar:/home/runner/.m2/repository/com/fasterxml/jackson/datatype/jackson-datatype-jdk8/2.17.2/jackson-datatype-jdk8-2.17.2.jar:/home/runner/.m2/repository/com/fasterxml/jackson/datatype/jackson-datatype-jsr310/2.17.2/jackson-datatype-jsr310-2.17.2.jar:/home/runner/.m2/repository/com/fasterxml/jackson/module/jackson-module-parameter-names/2.17.2/jackson-module-parameter-names-2.17.2.jar:/home/runner/.m2/repository/org/springframework/boot/spring-boot-starter-tomcat/3.3.2/spring-boot-starter-tomcat-3.3.2.jar:/home/runner/.m2/repository/org/apache/tomcat/embed/tomcat-embed-core/10.1.26/tomcat-embed-core-10.1.26.jar:/home/runner/.m2/repository/org/apache/tomcat/embed/tomcat-embed-el/10.1.26/tomcat-embed-el-10.1.26.jar:/home/runner/.m2/repository/org/apache/tomcat/embed/tomcat-embed-websocket/10.1.26/tomcat-embed-websocket-10.1.26.jar:/home/runner/.m2/repository/org/springframework/spring-web/6.1.11/spring-web-6.1.11.jar:/home/runner/.m2/repository/org/springframework/spring-beans/6.1.11/spring-beans-6.1.11.jar:/home/runner/.m2/repository/io/micrometer/micrometer-observation/1.12.8/micrometer-observation-1.12.8.jar:/home/runner/.m2/repository/io/micrometer/micrometer-commons/1.12.8/micrometer-commons-1.12.8.jar:/home/runner/.m2/repository/org/springframework/spring-webmvc/6.1.11/spring-webmvc-6.1.11.jar:/home/runner/.m2/repository/org/springframework/spring-aop/6.1.11/spring-aop-6.1.11.jar:/home/runner/.m2/repository/org/springframework/spring-context/6.1.11/spring-context-6.1.11.jar:/home/runner/.m2/repository/org/springframework/spring-expression/6.1.11/spring-expression-6.1.11.jar:/home/runner/.m2/repository/org/springframework/boot/spring-boot-starter-test/3.3.2/spring-boot-starter-test-3.3.2.jar:/home/runner/.m2/repository/org/springframework/boot/spring-boot-test/3.3.2/spring-boot-test-3.3.2.jar:/home/runner/.m2/repository/org/springframework/boot/spring-boot-test-autoconfigure/3.3.2/spring-boot-test-autoconfigure-3.3.2.jar:/home/runner/.m2/repository/com/jayway/jsonpath/json-path/2.9.0/json-path-2.9.0.jar:/home/runner/.m2/repository/org/slf4j/slf4j-api/2.0.11/slf4j-api-2.0.11.jar:/home/runner/.m2/repository/jakarta/xml/bind/jakarta.xml.bind-api/4.0.2/jakarta.xml.bind-api-4.0.2.jar:/home/runner/.m2/repository/jakarta/activation/jakarta.activation-api/2.1.3/jakarta.activation-api-2.1.3.jar:/home/runner/.m2/repository/net/minidev/json-smart/2.5.1/json-smart-2.5.1.jar:/home/runner/.m2/repository/net/minidev/accessors-smart/2.5.1/accessors-smart-2.5.1.jar:/home/runner/.m2/repository/org/ow2/asm/asm/9.6/asm-9.6.jar:/home/runner/.m2/repository/org/assertj/assertj-core/3.25.3/assertj-core-3.25.3.jar:/home/runner/.m2/repository/net/bytebuddy/byte-buddy/1.14.11/byte-buddy-1.14.11.jar:/home/runner/.m2/repository/org/awaitility/awaitility/4.2.1/awaitility-4.2.1.jar:/home/runner/.m2/repository/org/hamcrest/hamcrest/2.2/hamcrest-2.2.jar:/home/runner/.m2/repository/org/junit/jupiter/junit-jupiter/5.10.3/junit-jupiter-5.10.3.jar:/home/runner/.m2/repository/org/junit/jupiter/junit-jupiter-params/5.10.3/junit-jupiter-params-5.10.3.jar:/home/runner/.m2/repository/org/mockito/mockito-core/5.11.0/mockito-core-5.11.0.jar:/home/runner/.m2/repository/net/bytebuddy/byte-buddy-agent/1.14.12/byte-buddy-agent-1.14.12.jar:/home/runner/.m2/repository/org/objenesis/objenesis/3.3/objenesis-3.3.jar:/home/runner/.m2/repository/org/mockito/mockito-junit-jupiter/5.11.0/mockito-junit-jupiter-5.11.0.jar:/home/runner/.m2/repository/org/skyscreamer/jsonassert/1.5.3/jsonassert-1.5.3.jar:/home/runner/.m2/repository/com/vaadin/external/google/android-json/0.0.20131108.vaadin1/android-json-0.0.20131108.vaadin1.jar:/home/runner/.m2/repository/org/springframework/spring-core/6.1.11/spring-core-6.1.11.jar:/home/runner/.m2/repository/org/springframework/spring-jcl/6.1.11/spring-jcl-6.1.11.jar:/home/runner/.m2/repository/org/springframework/spring-test/6.1.11/spring-test-6.1.11.jar:/home/runner/.m2/repository/org/xmlunit/xmlunit-core/2.9.1/xmlunit-core-2.9.1.jar:/home/runner/.m2/repository/org/junit/jupiter/junit-jupiter-engine/5.10.3/junit-jupiter-engine-5.10.3.jar:/home/runner/.m2/repository/org/junit/platform/junit-platform-engine/1.10.3/junit-platform-engine-1.10.3.jar:/home/runner/.m2/repository/org/opentest4j/opentest4j/1.3.0/opentest4j-1.3.0.jar:/home/runner/.m2/repository/org/junit/platform/junit-platform-commons/1.10.3/junit-platform-commons-1.10.3.jar:/home/runner/.m2/repository/org/junit/jupiter/junit-jupiter-api/5.10.3/junit-jupiter-api-5.10.3.jar:/home/runner/.m2/repository/org/apiguardian/apiguardian-api/1.1.2/apiguardian-api-1.1.2.jar:/home/runner/.m2/repository/org/apache/commons/commons-lang3/3.14.0/commons-lang3-3.14.0.jar:/home/runner/.m2/repository/com/fasterxml/jackson/core/jackson-databind/2.17.2/jackson-databind-2.17.2.jar:/home/runner/.m2/repository/com/fasterxml/jackson/core/jackson-annotations/2.17.2/jackson-annotations-2.17.2.jar:/home/runner/.m2/repository/com/fasterxml/jackson/core/jackson-core/2.17.2/jackson-core-2.17.2.jar:/home/runner/.m2/repository/software/amazon/awssdk/s3/2.26.8/s3-2.26.8.jar:/home/runner/.m2/repository/software/amazon/awssdk/aws-xml-protocol/2.26.8/aws-xml-protocol-2.26.8.jar:/home/runner/.m2/repository/software/amazon/awssdk/aws-query-protocol/2.26.8/aws-query-protocol-2.26.8.jar:/home/runner/.m2/repository/software/amazon/awssdk/protocol-core/2.26.8/protocol-core-2.26.8.jar:/home/runner/.m2/repository/software/amazon/awssdk/arns/2.26.8/arns-2.26.8.jar:/home/runner/.m2/repository/software/amazon/awssdk/profiles/2.26.8/profiles-2.26.8.jar:/home/runner/.m2/repository/software/amazon/awssdk/crt-core/2.26.8/crt-core-2.26.8.jar:/home/runner/.m2/repository/software/amazon/awssdk/http-auth/2.26.8/http-auth-2.26.8.jar:/home/runner/.m2/repository/software/amazon/awssdk/identity-spi/2.26.8/identity-spi-2.26.8.jar:/home/runner/.m2/repository/software/amazon/awssdk/http-auth-spi/2.26.8/http-auth-spi-2.26.8.jar:/home/runner/.m2/repository/org/reactivestreams/reactive-streams/1.0.4/reactive-streams-1.0.4.jar:/home/runner/.m2/repository/software/amazon/awssdk/http-auth-aws/2.26.8/http-auth-aws-2.26.8.jar:/home/runner/.m2/repository/software/amazon/awssdk/checksums/2.26.8/checksums-2.26.8.jar:/home/runner/.m2/repository/software/amazon/awssdk/checksums-spi/2.26.8/checksums-spi-2.26.8.jar:/home/runner/.m2/repository/software/amazon/awssdk/retries-spi/2.26.8/retries-spi-2.26.8.jar:/home/runner/.m2/repository/software/amazon/awssdk/sdk-core/2.26.8/sdk-core-2.26.8.jar:/home/runner/.m2/repository/software/amazon/awssdk/retries/2.26.8/retries-2.26.8.jar:/home/runner/.m2/repository/software/amazon/awssdk/auth/2.26.8/auth-2.26.8.jar:/home/runner/.m2/repository/software/amazon/eventstream/eventstream/1.0.1/eventstream-1.0.1.jar:/home/runner/.m2/repository/software/amazon/awssdk/http-client-spi/2.26.8/http-client-spi-2.26.8.jar:/home/runner/.m2/repository/software/amazon/awssdk/regions/2.26.8/regions-2.26.8.jar:/home/runner/.m2/repository/software/amazon/awssdk/annotations/2.26.8/annotations-2.26.8.jar:/home/runner/.m2/repository/software/amazon/awssdk/utils/2.26.8/utils-2.26.8.jar:/home/runner/.m2/repository/software/amazon/awssdk/aws-core/2.26.8/aws-core-2.26.8.jar:/home/runner/.m2/repository/software/amazon/awssdk/metrics-spi/2.26.8/metrics-spi-2.26.8.jar:/home/runner/.m2/repository/software/amazon/awssdk/json-utils/2.26.8/json-utils-2.26.8.jar:/home/runner/.m2/repository/software/amazon/awssdk/third-party-jackson-core/2.26.8/third-party-jackson-core-2.26.8.jar:/home/runner/.m2/repository/software/amazon/awssdk/endpoints-spi/2.26.8/endpoints-spi-2.26.8.jar:/home/runner/.m2/repository/software/amazon/awssdk/apache-client/2.26.8/apache-client-2.26.8.jar:/home/runner/.m2/repository/org/apache/httpcomponents/httpclient/4.5.13/httpclient-4.5.13.jar:/home/runner/.m2/repository/commons-logging/commons-logging/1.2/commons-logging-1.2.jar:/home/runner/.m2/repository/org/apache/httpcomponents/httpcore/4.4.13/httpcore-4.4.13.jar:/home/runner/.m2/repository/commons-codec/commons-codec/1.15/commons-codec-1.15.jar:/home/runner/.m2/repository/software/amazon/awssdk/netty-nio-client/2.26.8/netty-nio-client-2.26.8.jar:/home/runner/.m2/repository/io/netty/netty-codec-http/4.1.108.Final/netty-codec-http-4.1.108.Final.jar:/home/runner/.m2/repository/io/netty/netty-codec-http2/4.1.108.Final/netty-codec-http2-4.1.108.Final.jar:/home/runner/.m2/repository/io/netty/netty-codec/4.1.108.Final/netty-codec-4.1.108.Final.jar:/home/runner/.m2/repository/io/netty/netty-transport/4.1.108.Final/netty-transport-4.1.108.Final.jar:/home/runner/.m2/repository/io/netty/netty-common/4.1.108.Final/netty-common-4.1.108.Final.jar:/home/runner/.m2/repository/io/netty/netty-buffer/4.1.108.Final/netty-buffer-4.1.108.Final.jar:/home/runner/.m2/repository/io/netty/netty-handler/4.1.108.Final/netty-handler-4.1.108.Final.jar:/home/runner/.m2/repository/io/netty/netty-transport-native-unix-common/4.1.108.Final/netty-transport-native-unix-common-4.1.108.Final.jar:/home/runner/.m2/repository/io/netty/netty-transport-classes-epoll/4.1.108.Final/netty-transport-classes-epoll-4.1.108.Final.jar:/home/runner/.m2/repository/io/netty/netty-resolver/4.1.108.Final/netty-resolver-4.1.108.Final.jar:"/>
    <property name="java.vm.vendor" value="Microsoft"/>
    <property name="sun.arch.data.model" value="64"/>
    <property name="java.vendor.url" value="https://www.microsoft.com"/>
    <property name="user.timezone" value="Etc/UTC"/>
    <property name="os.name" value="Linux"/>
    <property name="java.vm.specification.version" value="21"/>
    <property name="sun.java.launcher" value="SUN_STANDARD"/>
    <property name="sun.boot.library.path" value="/opt/hostedtoolcache/Java_Microsoft_jdk/21.0.2/x64/lib"/>
    <property name="sun.java.command" value="/home/runner/work/AlgorithmPractice/AlgorithmPractice/spring-integration/target/surefire/surefirebooter-20250818014929667_7.jar /home/runner/work/AlgorithmPractice/AlgorithmPractice/spring-integration/target/surefire 2025-08-18T01-49-23_978-jvmRun1 surefire-20250818014929667_5tmp surefire_1-20250818014929667_6tmp"/>
    <property name="jdk.debug" value="release"/>
    <property name="surefire.test.class.path" value="/home/runner/work/AlgorithmPractice/AlgorithmPractice/spring-integration/target/test-classes:/home/runner/work/AlgorithmPractice/AlgorithmPractice/spring-integration/target/classes:/home/runner/work/AlgorithmPractice/AlgorithmPractice/core/target/core-1.0-SNAPSHOT.jar:/home/runner/.m2/repository/org/springframework/boot/spring-boot-starter-web/3.3.2/spring-boot-starter-web-3.3.2.jar:/home/runner/.m2/repository/org/springframework/boot/spring-boot-starter/3.3.2/spring-boot-starter-3.3.2.jar:/home/runner/.m2/repository/org/springframework/boot/spring-boot/3.3.2/spring-boot-3.3.2.jar:/home/runner/.m2/repository/org/springframework/boot/spring-boot-autoconfigure/3.3.2/spring-boot-autoconfigure-3.3.2.jar:/home/runner/.m2/repository/org/springframework/boot/spring-boot-starter-logging/3.3.2/spring-boot-starter-logging-3.3.2.jar:/home/runner/.m2/repository/ch/qos/logback/logback-classic/1.5.6/logback-classic-1.5.6.jar:/home/runner/.m2/repository/ch/qos/logback/logback-core/1.5.6/logback-core-1.5.6.jar:/home/runner/.m2/repository/org/apache/logging/log4j/log4j-to-slf4j/2.23.1/log4j-to-slf4j-2.23.1.jar:/home/runner/.m2/repository/org/apache/logging/log4j/log4j-api/2.23.1/log4j-api-2.23.1.jar:/home/runner/.m2/repository/org/slf4j/jul-to-slf4j/2.0.13/jul-to-slf4j-2.0.13.jar:/home/runner/.m2/repository/jakarta/annotation/jakarta.annotation-api/2.1.1/jakarta.annotation-api-2.1.1.jar:/home/runner/.m2/repository/org/yaml/snakeyaml/2.2/snakeyaml-2.2.jar:/home/runner/.m2/repository/org/springframework/boot/spring-boot-starter-json/3.3.2/spring-boot-starter-json-3.3.2.jar:/home/runner/.m2/repository/com/fasterxml/jackson/datatype/jackson-datatype-jdk8/2.17.2/jackson-datatype-jdk8-2.17.2.jar:/home/runner/.m2/repository/com/fasterxml/jackson/datatype/jackson-datatype-jsr310/2.17.2/jackson-datatype-jsr310-2.17.2.jar:/home/runner/.m2/repository/com/fasterxml/jackson/module/jackson-module-parameter-names/2.17.2/jackson-module-parameter-names-2.17.2.jar:/home/runner/.m2/repository/org/springframework/boot/spring-boot-starter-tomcat/3.3.2/spring-boot-starter-tomcat-3.3.2.jar:/home/runner/.m2/repository/org/apache/tomcat/embed/tomcat-embed-core/10.1.26/tomcat-embed-core-10.1.26.jar:/home/runner/.m2/repository/org/apache/tomcat/embed/tomcat-embed-el/10.1.26/tomcat-embed-el-10.1.26.jar:/home/runner/.m2/repository/org/apache/tomcat/embed/tomcat-embed-websocket/10.1.26/tomcat-embed-websocket-10.1.26.jar:/home/runner/.m2/repository/org/springframework/spring-web/6.1.11/spring-web-6.1.11.jar:/home/runner/.m2/repository/org/springframework/spring-beans/6.1.11/spring-beans-6.1.11.jar:/home/runner/.m2/repository/io/micrometer/micrometer-observation/1.12.8/micrometer-observation-1.12.8.jar:/home/runner/.m2/repository/io/micrometer/micrometer-commons/1.12.8/micrometer-commons-1.12.8.jar:/home/runner/.m2/repository/org/springframework/spring-webmvc/6.1.11/spring-webmvc-6.1.11.jar:/home/runner/.m2/repository/org/springframework/spring-aop/6.1.11/spring-aop-6.1.11.jar:/home/runner/.m2/repository/org/springframework/spring-context/6.1.11/spring-context-6.1.11.jar:/home/runner/.m2/repository/org/springframework/spring-expression/6.1.11/spring-expression-6.1.11.jar:/home/runner/.m2/repository/org/springframework/boot/spring-boot-starter-test/3.3.2/spring-boot-starter-test-3.3.2.jar:/home/runner/.m2/repository/org/springframework/boot/spring-boot-test/3.3.2/spring-boot-test-3.3.2.jar:/home/runner/.m2/repository/org/springframework/boot/spring-boot-test-autoconfigure/3.3.2/spring-boot-test-autoconfigure-3.3.2.jar:/home/runner/.m2/repository/com/jayway/jsonpath/json-path/2.9.0/json-path-2.9.0.jar:/home/runner/.m2/repository/org/slf4j/slf4j-api/2.0.11/slf4j-api-2.0.11.jar:/home/runner/.m2/repository/jakarta/xml/bind/jakarta.xml.bind-api/4.0.2/jakarta.xml.bind-api-4.0.2.jar:/home/runner/.m2/repository/jakarta/activation/jakarta.activation-api/2.1.3/jakarta.activation-api-2.1.3.jar:/home/runner/.m2/repository/net/minidev/json-smart/2.5.1/json-smart-2.5.1.jar:/home/runner/.m2/repository/net/minidev/accessors-smart/2.5.1/accessors-smart-2.5.1.jar:/home/runner/.m2/repository/org/ow2/asm/asm/9.6/asm-9.6.jar:/home/runner/.m2/repository/org/assertj/assertj-core/3.25.3/assertj-core-3.25.3.jar:/home/runner/.m2/repository/net/bytebuddy/byte-buddy/1.14.11/byte-buddy-1.14.11.jar:/home/runner/.m2/repository/org/awaitility/awaitility/4.2.1/awaitility-4.2.1.jar:/home/runner/.m2/repository/org/hamcrest/hamcrest/2.2/hamcrest-2.2.jar:/home/runner/.m2/repository/org/junit/jupiter/junit-jupiter/5.10.3/junit-jupiter-5.10.3.jar:/home/runner/.m2/repository/org/junit/jupiter/junit-jupiter-params/5.10.3/junit-jupiter-params-5.10.3.jar:/home/runner/.m2/repository/org/mockito/mockito-core/5.11.0/mockito-core-5.11.0.jar:/home/runner/.m2/repository/net/bytebuddy/byte-buddy-agent/1.14.12/byte-buddy-agent-1.14.12.jar:/home/runner/.m2/repository/org/objenesis/objenesis/3.3/objenesis-3.3.jar:/home/runner/.m2/repository/org/mockito/mockito-junit-jupiter/5.11.0/mockito-junit-jupiter-5.11.0.jar:/home/runner/.m2/repository/org/skyscreamer/jsonassert/1.5.3/jsonassert-1.5.3.jar:/home/runner/.m2/repository/com/vaadin/external/google/android-json/0.0.20131108.vaadin1/android-json-0.0.20131108.vaadin1.jar:/home/runner/.m2/repository/org/springframework/spring-core/6.1.11/spring-core-6.1.11.jar:/home/runner/.m2/repository/org/springframework/spring-jcl/6.1.11/spring-jcl-6.1.11.jar:/home/runner/.m2/repository/org/springframework/spring-test/6.1.11/spring-test-6.1.11.jar:/home/runner/.m2/repository/org/xmlunit/xmlunit-core/2.9.1/xmlunit-core-2.9.1.jar:/home/runner/.m2/repository/org/junit/jupiter/junit-jupiter-engine/5.10.3/junit-jupiter-engine-5.10.3.jar:/home/runner/.m2/repository/org/junit/platform/junit-platform-engine/1.10.3/junit-platform-engine-1.10.3.jar:/home/runner/.m2/repository/org/opentest4j/opentest4j/1.3.0/opentest4j-1.3.0.jar:/home/runner/.m2/repository/org/junit/platform/junit-platform-commons/1.10.3/junit-platform-commons-1.10.3.jar:/home/runner/.m2/repository/org/junit/jupiter/junit-jupiter-api/5.10.3/junit-jupiter-api-5.10.3.jar:/home/runner/.m2/repository/org/apiguardian/apiguardian-api/1.1.2/apiguardian-api-1.1.2.jar:/home/runner/.m2/repository/org/apache/commons/commons-lang3/3.14.0/commons-lang3-3.14.0.jar:/home/runner/.m2/repository/com/fasterxml/jackson/core/jackson-databind/2.17.2/jackson-databind-2.17.2.jar:/home/runner/.m2/repository/com/fasterxml/jackson/core/jackson-annotations/2.17.2/jackson-annotations-2.17.2.jar:/home/runner/.m2/repository/com/fasterxml/jackson/core/jackson-core/2.17.2/jackson-core-2.17.2.jar:/home/runner/.m2/repository/software/amazon/awssdk/s3/2.26.8/s3-2.26.8.jar:/home/runner/.m2/repository/software/amazon/awssdk/aws-xml-protocol/2.26.8/aws-xml-protocol-2.26.8.jar:/home/runner/.m2/repository/software/amazon/awssdk/aws-query-protocol/2.26.8/aws-query-protocol-2.26.8.jar:/home/runner/.m2/repository/software/amazon/awssdk/protocol-core/2.26.8/protocol-core-2.26.8.jar:/home/runner/.m2/repository/software/amazon/awssdk/arns/2.26.8/arns-2.26.8.jar:/home/runner/.m2/repository/software/amazon/awssdk/profiles/2.26.8/profiles-2.26.8.jar:/home/runner/.m2/repository/software/amazon/awssdk/crt-core/2.26.8/crt-core-2.26.8.jar:/home/runner/.m2/repository/software/amazon/awssdk/http-auth/2.26.8/http-auth-2.26.8.jar:/home/runner/.m2/repository/software/amazon/awssdk/identity-spi/2.26.8/identity-spi-2.26.8.jar:/home/runner/.m2/repository/software/amazon/awssdk/http-auth-spi/2.26.8/http-auth-spi-2.26.8.jar:/home/runner/.m2/repository/org/reactivestreams/reactive-streams/1.0.4/reactive-streams-1.0.4.jar:/home/runner/.m2/repository/software/amazon/awssdk/http-auth-aws/2.26.8/http-auth-aws-2.26.8.jar:/home/runner/.m2/repository/software/amazon/awssdk/checksums/2.26.8/checksums-2.26.8.jar:/home/runner/.m2/repository/software/amazon/awssdk/checksums-spi/2.26.8/checksums-spi-2.26.8.jar:/home/runner/.m2/repository/software/amazon/awssdk/retries-spi/2.26.8/retries-spi-2.26.8.jar:/home/runner/.m2/repository/software/amazon/awssdk/sdk-core/2.26.8/sdk-core-2.26.8.jar:/home/runner/.m2/repository/software/amazon/awssdk/retries/2.26.8/retries-2.26.8.jar:/home/runner/.m2/repository/software/amazon/awssdk/auth/2.26.8/auth-2.26.8.jar:/home/runner/.m2/repository/software/amazon/eventstream/eventstream/1.0.1/eventstream-1.0.1.jar:/home/runner/.m2/repository/software/amazon/awssdk/http-client-spi/2.26.8/http-client-spi-2.26.8.jar:/home/runner/.m2/repository/software/amazon/awssdk/regions/2.26.8/regions-2.26.8.jar:/home/runner/.m2/repository/software/amazon/awssdk/annotations/2.26.8/annotations-2.26.8.jar:/home/runner/.m2/repository/software/amazon/awssdk/utils/2.26.8/utils-2.26.8.jar:/home/runner/.m2/repository/software/amazon/awssdk/aws-core/2.26.8/aws-core-2.26.8.jar:/home/runner/.m2/repository/software/amazon/awssdk/metrics-spi/2.26.8/metrics-spi-2.26.8.jar:/home/runner/.m2/repository/software/amazon/awssdk/json-utils/2.26.8/json-utils-2.26.8.jar:/home/runner/.m2/repository/software/amazon/awssdk/third-party-jackson-core/2.26.8/third-party-jackson-core-2.26.8.jar:/home/runner/.m2/repository/software/amazon/awssdk/endpoints-spi/2.26.8/endpoints-spi-2.26.8.jar:/home/runner/.m2/repository/software/amazon/awssdk/apache-client/2.26.8/apache-client-2.26.8.jar:/home/runner/.m2/repository/org/apache/httpcomponents/httpclient/4.5.13/httpclient-4.5.13.jar:/home/runner/.m2/repository/commons-logging/commons-logging/1.2/commons-logging-1.2.jar:/home/runner/.m2/repository/org/apache/httpcomponents/httpcore/4.4.13/httpcore-4.4.13.jar:/home/runner/.m2/repository/commons-codec/commons-codec/1.15/commons-codec-1.15.jar:/home/runner/.m2/repository/software/amazon/awssdk/netty-nio-client/2.26.8/netty-nio-client-2.26.8.jar:/home/runner/.m2/repository/io/netty/netty-codec-http/4.1.108.Final/netty-codec-http-4.1.108.Final.jar:/home/runner/.m2/repository/io/netty/netty-codec-http2/4.1.108.Final/netty-codec-http2-4.1.108.Final.jar:/home/runner/.m2/repository/io/netty/netty-codec/4.1.108.Final/netty-codec-4.1.108.Final.jar:/home/runner/.m2/repository/io/netty/netty-transport/4.1.108.Final/netty-transport-4.1.108.Final.jar:/home/runner/.m2/repository/io/netty/netty-common/4.1.108.Final/netty-common-4.1.108.Final.jar:/home/runner/.m2/repository/io/netty/netty-buffer/4.1.108.Final/netty-buffer-4.1.108.Final.jar:/home/runner/.m2/repository/io/netty/netty-handler/4.1.108.Final/netty-handler-4.1.108.Final.jar:/home/runner/.m2/repository/io/netty/netty-transport-native-unix-common/4.1.108.Final/netty-transport-native-unix-common-4.1.108.Final.jar:/home/runner/.m2/repository/io/netty/netty-transport-classes-epoll/4.1.108.Final/netty-transport-classes-epoll-4.1.108.Final.jar:/home/runner/.m2/repository/io/netty/netty-resolver/4.1.108.Final/netty-resolver-4.1.108.Final.jar:"/>
    <property name="sun.cpu.endian" value="little"/>
    <property name="user.home" value="/home/runner"/>
    <property name="user.language" value="en"/>
    <property name="java.specification.vendor" value="Oracle Corporation"/>
    <property name="java.version.date" value="2024-01-16"/>
    <property name="java.home" value="/opt/hostedtoolcache/Java_Microsoft_jdk/21.0.2/x64"/>
    <property name="file.separator" value="/"/>
    <property name="basedir" value="/home/runner/work/AlgorithmPractice/AlgorithmPractice/spring-integration"/>
    <property name="java.vm.compressedOopsMode" value="Zero based"/>
    <property name="line.separator" value="&#10;"/>
    <property name="java.vm.specification.vendor" value="Oracle Corporation"/>
    <property name="java.specification.name" value="Java Platform API Specification"/>
    <property name="FILE_LOG_CHARSET" value="UTF-8"/>
    <property name="java.awt.headless" value="true"/>
    <property name="surefire.real.class.path" value="/home/runner/work/AlgorithmPractice/AlgorithmPractice/spring-integration/target/surefire/surefirebooter-20250818014929667_7.jar"/>
    <property name="sun.management.compiler" value="HotSpot 64-Bit Tiered Compilers"/>
    <property name="java.runtime.version" value="21.0.2+13-LTS"/>
    <property name="user.name" value="runner"/>
    <property name="stdout.encoding" value="UTF-8"/>
    <property name="path.separator" value=":"/>
    <property name="os.version" value="6.11.0-1018-azure"/>
    <property name="java.runtime.name" value="OpenJDK Runtime Environment"/>
    <property name="file.encoding" value="UTF-8"/>
    <property name="java.vm.name" value="OpenJDK 64-Bit Server VM"/>
    <property name="java.vendor.version" value="Microsoft-8905927"/>
    <property name="localRepository" value="/home/runner/.m2/repository"/>
    <property name="java.vendor.url.bug" value="https://github.com/microsoft/openjdk/issues"/>
    <property name="java.io.tmpdir" value="/tmp"/>
    <property name="java.version" value="21.0.2"/>
    <property name="user.dir" value="/home/runner/work/AlgorithmPractice/AlgorithmPractice/spring-integration"/>
    <property name="os.arch" value="amd64"/>
    <property name="java.vm.specification.name" value="Java Virtual Machine Specification"/>
    <property name="PID" value="2203"/>
    <property name="CONSOLE_LOG_CHARSET" value="UTF-8"/>
    <property name="native.encoding" value="UTF-8"/>
    <property name="java.library.path" value="/usr/java/packages/lib:/usr/lib64:/lib64:/lib:/usr/lib"/>
    <property name="java.vm.info" value="mixed mode, sharing"/>
    <property name="stderr.encoding" value="UTF-8"/>
    <property name="java.vendor" value="Microsoft"/>
    <property name="java.vm.version" value="21.0.2+13-LTS"/>
    <property name="sun.io.unicode.encoding" value="UnicodeLittle"/>
    <property name="java.class.version" value="65.0"/>
  </properties>
  <testcase name="testSearchNotFound" classname="org.algomonster.spring.controller.BinarySearchControllerTest" time="1.077">
    <system-out><![CDATA[01:49:30.823 [main] INFO org.springframework.test.context.support.AnnotationConfigContextLoaderUtils -- Could not detect default configuration classes for test class [org.algomonster.spring.controller.BinarySearchControllerTest]: BinarySearchControllerTest does not declare any static, non-private, non-final, nested classes annotated with @Configuration.
01:49:31.009 [main] INFO org.springframework.boot.test.context.SpringBootTestContextBootstrapper -- Found @SpringBootConfiguration org.algomonster.spring.Application for test class org.algomonster.spring.controller.BinarySearchControllerTest

  .   ____          _            __ _ _
 /\\ / ___'_ __ _ _(_)_ __  __ _ \ \ \ \
( ( )\___ | '_ | '_| | '_ \/ _` | \ \ \ \
 \\/  ___)| |_)| | | | | || (_| |  ) ) ) )
  '  |____| .__|_| |_|_| |_\__, | / / / /
 =========|_|==============|___/=/_/_/_/

 :: Spring Boot ::                (v3.3.2)

2025-08-18T01:49:31.592Z  INFO 2203 --- [           main] o.a.s.c.BinarySearchControllerTest       : Starting BinarySearchControllerTest using Java 21.0.2 with PID 2203 (started by runner in /home/runner/work/AlgorithmPractice/AlgorithmPractice/spring-integration)
2025-08-18T01:49:31.594Z  INFO 2203 --- [           main] o.a.s.c.BinarySearchControllerTest       : No active profile set, falling back to 1 default profile: "default"
2025-08-18T01:49:32.979Z  INFO 2203 --- [           main] o.s.b.t.m.w.SpringBootMockServletContext : Initializing Spring TestDispatcherServlet ''
2025-08-18T01:49:32.980Z  INFO 2203 --- [           main] o.s.t.web.servlet.TestDispatcherServlet  : Initializing Servlet ''
2025-08-18T01:49:32.981Z  INFO 2203 --- [           main] o.s.t.web.servlet.TestDispatcherServlet  : Completed initialization in 0 ms
2025-08-18T01:49:33.002Z  INFO 2203 --- [           main] o.a.s.c.BinarySearchControllerTest       : Started BinarySearchControllerTest in 1.781 seconds (process running for 3.318)
]]></system-out>
    <system-err><![CDATA[WARNING: A Java agent has been loaded dynamically (/home/runner/.m2/repository/net/bytebuddy/byte-buddy-agent/1.14.12/byte-buddy-agent-1.14.12.jar)
WARNING: If a serviceability tool is in use, please run with -XX:+EnableDynamicAgentLoading to hide this warning
WARNING: If a serviceability tool is not in use, please run with -Djdk.instrument.traceUsage for more information
WARNING: Dynamic loading of agents will be disallowed by default in a future release
]]></system-err>
  </testcase>
  <testcase name="testSearchFound" classname="org.algomonster.spring.controller.BinarySearchControllerTest" time="0.01"/>
</testsuite>